<?xml version="1.0" encoding="UTF-8"?>
<!-- Generated by org.testng.reporters.JUnitXMLReporter -->
<testsuite ignored="1" hostname="DESKTOP-JVEJ1QU" failures="0" tests="15" name="Test" time="41.535" errors="0" timestamp="2021-04-04T08:29:29 MDT">
  <testcase classname="testNg.skip" name="chats" time="0.011"/>
  <testcase classname="testNg.skip" name="chats" time="0.005"/>
  <testcase classname="testNg.skip" name="chats" time="0.003"/>
  <testcase classname="testNg.skip" name="calls" time="0.001"/>
  <testcase classname="testNg.Method" name="login" time="30.813"/>
  <testcase classname="testNg.Priority" name="chats" time="0.002"/>
  <testcase classname="testNg.Priority" name="calls" time="0.001"/>
  <testcase classname="testNg.Priority" name="blocks" time="0.002"/>
  <testcase classname="testNg.invocation" name="chats" time="0.003"/>
  <testcase classname="testNg.invocation" name="chats" time="0.001"/>
  <testcase classname="testNg.invocation" name="chats" time="0.002"/>
  <testcase classname="testNg.invocation" name="calls" time="0.001"/>
  <testcase classname="testNg.invocation" name="blocks" time="0.002"/>
  <testcase classname="testNg.invocation" name="blocks" time="0.002"/>
  <testcase classname="testNg.Test1" name="demo" time="0.001"/>
  <testcase classname="testNg.skip" name="blocks" time="0.0">
    <ignored/>
  </testcase> <!-- blocks -->
</testsuite> <!-- Test -->
