<?xml version="1.0" encoding="UTF-8"?>
<!-- Generated by org.testng.reporters.JUnitReportReporter -->
<testsuite hostname="DESKTOP-JVEJ1QU" failures="0" tests="1" name="testNg.Method" time="41.852" errors="0" timestamp="2021-04-04T08:33:24 MDT" skipped="0">
  <testcase classname="testNg.Method" name="login" time="41.852"/>
  <system-out>
Facebook – log in or sign up https://www.facebook.com/login/?privacy_mutation_token=eyJ0eXBlIjowLCJjcmVhdGlvbl90aW1lIjoxNjE3NTQ2NzY3LCJjYWxsc2l0ZV9pZCI6MzgxMjI5MDc5NTc1OTQ2fQ%3D%3D  </system-out>
</testsuite> <!-- testNg.Method -->
